0 verbose cli /Users/emilylefflerschulman/.nvm/versions/node/v16.17.1/bin/node /opt/homebrew/lib/node_modules/npm/bin/npm-cli.js
1 info using npm@8.19.3
2 info using node@v16.17.1
3 timing npm:load:whichnode Completed in 0ms
4 timing config:load:defaults Completed in 6ms
5 timing config:load:file:/opt/homebrew/lib/node_modules/npm/npmrc Completed in 33ms
6 timing config:load:builtin Completed in 35ms
7 timing config:load:cli Completed in 6ms
8 timing config:load:env Completed in 3ms
9 timing config:load:file:/Users/emilylefflerschulman/broadway/byline-manager/.npmrc Completed in 1ms
10 timing config:load:project Completed in 10ms
11 timing config:load:file:/Users/emilylefflerschulman/.npmrc Completed in 10ms
12 timing config:load:user Completed in 10ms
13 timing config:load:file:/opt/homebrew/etc/npmrc Completed in 1ms
14 timing config:load:global Completed in 1ms
15 timing config:load:validate Completed in 1ms
16 timing config:load:credentials Completed in 1ms
17 timing config:load:setEnvs Completed in 2ms
18 timing config:load Completed in 78ms
19 timing npm:load:configload Completed in 78ms
20 timing npm:load:mkdirpcache Completed in 1ms
21 timing npm:load:mkdirplogs Completed in 1ms
22 verbose title npm exec check-node-version --package
23 verbose argv "exec" "--" "check-node-version" "--package"
24 timing npm:load:setTitle Completed in 22ms
25 timing config:load:flatten Completed in 3ms
26 timing npm:load:display Completed in 8ms
27 verbose logfile logs-max:10 dir:/Users/emilylefflerschulman/broadway/byline-manager/.npm/_logs
28 verbose logfile /Users/emilylefflerschulman/broadway/byline-manager/.npm/_logs/2022-12-19T18_38_40_257Z-debug-0.log
29 timing npm:load:logFile Completed in 18ms
30 timing npm:load:timers Completed in 0ms
31 timing npm:load:configScope Completed in 0ms
32 timing npm:load Completed in 133ms
33 silly logfile done cleaning log files
34 timing arborist:ctor Completed in 1ms
35 timing arborist:ctor Completed in 2ms
36 http fetch GET 200 https://registry.npmjs.org/check-node-version 397ms (cache miss)
37 timing arborist:ctor Completed in 0ms
38 timing arborist:ctor Completed in 0ms
39 timing arborist:ctor Completed in 2ms
40 timing idealTree:init Completed in 159ms
41 timing idealTree:userRequests Completed in 35ms
42 silly idealTree buildDeps
43 silly fetch manifest check-node-version@4.2.1
44 http fetch GET 200 https://registry.npmjs.org/check-node-version 117ms (cache hit)
45 silly placeDep ROOT check-node-version@4.2.1 OK for:  want: 4.2.1
46 silly fetch manifest chalk@^3.0.0
47 silly fetch manifest map-values@^1.0.1
48 silly fetch manifest minimist@^1.2.0
49 silly fetch manifest object-filter@^1.0.2
50 silly fetch manifest run-parallel@^1.1.4
51 silly fetch manifest semver@^6.3.0
52 http fetch GET 200 https://registry.npmjs.org/minimist 132ms (cache hit)
53 http fetch GET 200 https://registry.npmjs.org/map-values 341ms (cache miss)
54 http fetch GET 200 https://registry.npmjs.org/object-filter 344ms (cache miss)
55 http fetch GET 200 https://registry.npmjs.org/chalk 365ms (cache miss)
56 http fetch GET 200 https://registry.npmjs.org/run-parallel 361ms (cache miss)
57 http fetch GET 200 https://registry.npmjs.org/semver 375ms (cache miss)
58 timing idealTree:#root Completed in 594ms
59 silly placeDep ROOT chalk@3.0.0 OK for: check-node-version@4.2.1 want: ^3.0.0
60 silly placeDep ROOT map-values@1.0.1 OK for: check-node-version@4.2.1 want: ^1.0.1
61 silly placeDep ROOT minimist@1.2.7 OK for: check-node-version@4.2.1 want: ^1.2.0
62 silly placeDep ROOT object-filter@1.0.2 OK for: check-node-version@4.2.1 want: ^1.0.2
63 silly placeDep ROOT run-parallel@1.2.0 OK for: check-node-version@4.2.1 want: ^1.1.4
64 silly placeDep ROOT semver@6.3.0 OK for: check-node-version@4.2.1 want: ^6.3.0
65 silly fetch manifest ansi-styles@^4.1.0
66 silly fetch manifest supports-color@^7.1.0
67 silly fetch manifest queue-microtask@^1.2.2
68 http fetch GET 200 https://registry.npmjs.org/ansi-styles 152ms (cache miss)
69 http fetch GET 200 https://registry.npmjs.org/queue-microtask 164ms (cache miss)
70 http fetch GET 200 https://registry.npmjs.org/supports-color 168ms (cache miss)
71 timing idealTree:node_modules/check-node-version Completed in 232ms
72 silly placeDep ROOT ansi-styles@4.3.0 OK for: chalk@3.0.0 want: ^4.1.0
73 silly placeDep ROOT supports-color@7.2.0 OK for: chalk@3.0.0 want: ^7.1.0
74 silly fetch manifest color-convert@^2.0.1
75 silly fetch manifest has-flag@^4.0.0
76 http fetch GET 200 https://registry.npmjs.org/has-flag 84ms (cache miss)
77 http fetch GET 200 https://registry.npmjs.org/color-convert 106ms (cache miss)
78 timing idealTree:node_modules/chalk Completed in 120ms
79 silly placeDep ROOT color-convert@2.0.1 OK for: ansi-styles@4.3.0 want: ^2.0.1
80 silly fetch manifest color-name@~1.1.4
81 http fetch GET 200 https://registry.npmjs.org/color-name 80ms (cache miss)
82 timing idealTree:node_modules/ansi-styles Completed in 89ms
83 silly placeDep ROOT color-name@1.1.4 OK for: color-convert@2.0.1 want: ~1.1.4
84 timing idealTree:node_modules/color-convert Completed in 3ms
85 timing idealTree:node_modules/color-name Completed in 0ms
86 timing idealTree:node_modules/map-values Completed in 0ms
87 timing idealTree:node_modules/minimist Completed in 0ms
88 timing idealTree:node_modules/object-filter Completed in 0ms
89 silly placeDep ROOT queue-microtask@1.2.3 OK for: run-parallel@1.2.0 want: ^1.2.2
90 timing idealTree:node_modules/run-parallel Completed in 6ms
91 timing idealTree:node_modules/queue-microtask Completed in 0ms
92 timing idealTree:node_modules/semver Completed in 0ms
93 silly placeDep ROOT has-flag@4.0.0 OK for: supports-color@7.2.0 want: ^4.0.0
94 timing idealTree:node_modules/supports-color Completed in 3ms
95 timing idealTree:node_modules/has-flag Completed in 0ms
96 timing idealTree:buildDeps Completed in 1058ms
97 timing idealTree:fixDepFlags Completed in 7ms
98 timing idealTree Completed in 1270ms
99 timing reify:loadTrees Completed in 1276ms
100 timing reify:diffTrees Completed in 2ms
101 silly reify moves {}
102 timing reify:retireShallow Completed in 7ms
103 timing reify:createSparse Completed in 5ms
104 timing reify:loadBundles Completed in 0ms
105 silly audit bulk request {
105 silly audit   'check-node-version': [ '4.2.1' ],
105 silly audit   chalk: [ '3.0.0' ],
105 silly audit   'map-values': [ '1.0.1' ],
105 silly audit   minimist: [ '1.2.7' ],
105 silly audit   'object-filter': [ '1.0.2' ],
105 silly audit   'run-parallel': [ '1.2.0' ],
105 silly audit   semver: [ '6.3.0' ],
105 silly audit   'ansi-styles': [ '4.3.0' ],
105 silly audit   'supports-color': [ '7.2.0' ],
105 silly audit   'color-convert': [ '2.0.1' ],
105 silly audit   'color-name': [ '1.1.4' ],
105 silly audit   'queue-microtask': [ '1.2.3' ],
105 silly audit   'has-flag': [ '4.0.0' ]
105 silly audit }
106 silly tarball no local data for color-convert@https://registry.npmjs.org/color-convert/-/color-convert-2.0.1.tgz. Extracting by manifest.
107 silly tarball no local data for ansi-styles@https://registry.npmjs.org/ansi-styles/-/ansi-styles-4.3.0.tgz. Extracting by manifest.
108 silly tarball no local data for color-name@https://registry.npmjs.org/color-name/-/color-name-1.1.4.tgz. Extracting by manifest.
109 silly tarball no local data for supports-color@https://registry.npmjs.org/supports-color/-/supports-color-7.2.0.tgz. Extracting by manifest.
110 silly tarball no local data for object-filter@https://registry.npmjs.org/object-filter/-/object-filter-1.0.2.tgz. Extracting by manifest.
111 silly tarball no local data for minimist@https://registry.npmjs.org/minimist/-/minimist-1.2.7.tgz. Extracting by manifest.
112 silly tarball no local data for map-values@https://registry.npmjs.org/map-values/-/map-values-1.0.1.tgz. Extracting by manifest.
113 silly tarball no local data for chalk@https://registry.npmjs.org/chalk/-/chalk-3.0.0.tgz. Extracting by manifest.
114 silly tarball no local data for check-node-version@https://registry.npmjs.org/check-node-version/-/check-node-version-4.2.1.tgz. Extracting by manifest.
115 http fetch POST 200 https://registry.npmjs.org/-/npm/v1/security/advisories/bulk 233ms
116 timing auditReport:getReport Completed in 240ms
117 silly audit report {}
118 timing auditReport:init Completed in 1ms
119 timing reify:audit Completed in 241ms
120 timing reifyNode:node_modules/queue-microtask Completed in 257ms
121 timing reifyNode:node_modules/run-parallel Completed in 258ms
122 timing reifyNode:node_modules/has-flag Completed in 262ms
123 timing reifyNode:node_modules/semver Completed in 283ms
124 http fetch GET 200 https://registry.npmjs.org/color-convert/-/color-convert-2.0.1.tgz 259ms (cache miss)
125 timing reifyNode:node_modules/color-convert Completed in 285ms
126 http fetch GET 200 https://registry.npmjs.org/supports-color/-/supports-color-7.2.0.tgz 252ms (cache miss)
127 timing reifyNode:node_modules/supports-color Completed in 286ms
128 http fetch GET 200 https://registry.npmjs.org/color-name/-/color-name-1.1.4.tgz 253ms (cache miss)
129 timing reifyNode:node_modules/color-name Completed in 287ms
130 http fetch GET 200 https://registry.npmjs.org/ansi-styles/-/ansi-styles-4.3.0.tgz 264ms (cache miss)
131 timing reifyNode:node_modules/ansi-styles Completed in 292ms
132 http fetch GET 200 https://registry.npmjs.org/map-values/-/map-values-1.0.1.tgz 373ms (cache miss)
133 timing reifyNode:node_modules/map-values Completed in 413ms
134 http fetch GET 200 https://registry.npmjs.org/object-filter/-/object-filter-1.0.2.tgz 392ms (cache miss)
135 timing reifyNode:node_modules/object-filter Completed in 429ms
136 http fetch GET 200 https://registry.npmjs.org/check-node-version/-/check-node-version-4.2.1.tgz 385ms (cache miss)
137 timing reifyNode:node_modules/check-node-version Completed in 433ms
138 http fetch GET 200 https://registry.npmjs.org/chalk/-/chalk-3.0.0.tgz 397ms (cache miss)
139 timing reifyNode:node_modules/chalk Completed in 439ms
140 http fetch GET 200 https://registry.npmjs.org/minimist/-/minimist-1.2.7.tgz 406ms (cache miss)
141 timing reifyNode:node_modules/minimist Completed in 445ms
142 timing reify:unpack Completed in 447ms
143 timing reify:unretire Completed in 0ms
144 timing build:queue Completed in 2ms
145 timing build:link:node_modules/semver Completed in 3ms
146 timing build:link:node_modules/check-node-version Completed in 4ms
147 timing build:link Completed in 4ms
148 timing build:deps Completed in 6ms
149 timing build Completed in 6ms
150 timing reify:build Completed in 7ms
151 timing reify:trash Completed in 0ms
152 timing reify:save Completed in 16ms
153 timing reify Completed in 1796ms
154 timing command:exec Completed in 42277ms
155 verbose exit 0
156 timing npm Completed in 42956ms
157 info ok
