0 verbose cli /Users/emilylefflerschulman/.nvm/versions/node/v16.17.1/bin/node /opt/homebrew/bin/npm
1 info using npm@8.19.3
2 info using node@v16.17.1
3 timing npm:load:whichnode Completed in 0ms
4 timing config:load:defaults Completed in 4ms
5 timing config:load:file:/opt/homebrew/lib/node_modules/npm/npmrc Completed in 4ms
6 timing config:load:builtin Completed in 6ms
7 timing config:load:cli Completed in 4ms
8 timing config:load:env Completed in 2ms
9 timing config:load:file:/Users/emilylefflerschulman/broadway/byline-manager/.npmrc Completed in 0ms
10 timing config:load:project Completed in 9ms
11 timing config:load:file:/Users/emilylefflerschulman/.npmrc Completed in 2ms
12 timing config:load:user Completed in 2ms
13 timing config:load:file:/opt/homebrew/etc/npmrc Completed in 0ms
14 timing config:load:global Completed in 0ms
15 timing config:load:validate Completed in 1ms
16 timing config:load:credentials Completed in 4ms
17 timing config:load:setEnvs Completed in 1ms
18 timing config:load Completed in 35ms
19 timing npm:load:configload Completed in 35ms
20 timing npm:load:mkdirpcache Completed in 1ms
21 timing npm:load:mkdirplogs Completed in 1ms
22 verbose title npm
23 verbose argv "--version"
24 timing npm:load:setTitle Completed in 11ms
25 timing config:load:flatten Completed in 5ms
26 timing npm:load:display Completed in 7ms
27 verbose logfile logs-max:10 dir:/Users/emilylefflerschulman/broadway/byline-manager/.npm/_logs
28 verbose logfile /Users/emilylefflerschulman/broadway/byline-manager/.npm/_logs/2022-12-19T18_39_23_036Z-debug-0.log
29 timing npm:load:logFile Completed in 10ms
30 timing npm:load:timers Completed in 0ms
31 timing npm:load:configScope Completed in 0ms
32 timing npm:load Completed in 68ms
33 verbose exit 0
34 timing npm Completed in 73ms
35 info ok
